# JRE version: Java(TM) SE Runtime Environment (8.0_91-b14) (build 1.8.0_91-b14)
# Java VM: Java HotSpot(TM) 64-Bit Server VM (25.91-b14 mixed mode bsd-amd64 compressed oops)
Heap:
 PSYoungGen      total 38400K, used 19077K [0x000000076ab00000, 0x000000076d900000, 0x00000007c0000000)
  eden space 29696K, 53% used [0x000000076ab00000,0x000000076ba61490,0x000000076c800000)
  from space 8704K, 38% used [0x000000076c800000,0x000000076cb400c0,0x000000076d080000)
  to   space 8704K, 0% used [0x000000076d080000,0x000000076d080000,0x000000076d900000)
 ParOldGen       total 142336K, used 118582K [0x00000006c0000000, 0x00000006c8b00000, 0x000000076ab00000)
  object space 142336K, 83% used [0x00000006c0000000,0x00000006c73cd880,0x00000006c8b00000)
 Metaspace       used 19977K, capacity 20207K, committed 20480K, reserved 1067008K
  class space    used 1916K, capacity 2018K, committed 2048K, reserved 1048576K
GC Heap History (10 events):
Event: 124.561 GC heap before
{Heap before GC invocations=72 (full 3):
 PSYoungGen      total 38912K, used 35618K [0x000000076ab00000, 0x000000076da00000, 0x00000007c0000000)
  eden space 29696K, 99% used [0x000000076ab00000,0x000000076c7f88f8,0x000000076c800000)
  from space 9216K, 64% used [0x000000076d100000,0x000000076d6d0170,0x000000076da00000)
  to   space 9216K, 0% used [0x000000076c800000,0x000000076c800000,0x000000076d100000)
 ParOldGen       total 142336K, used 95448K [0x00000006c0000000, 0x00000006c8b00000, 0x000000076ab00000)
  object space 142336K, 67% used [0x00000006c0000000,0x00000006c5d36340,0x00000006c8b00000)
 Metaspace       used 19941K, capacity 20175K, committed 20480K, reserved 1067008K
  class space    used 1907K, capacity 1986K, committed 2048K, reserved 1048576K
Event: 124.563 GC heap after
Heap after GC invocations=72 (full 3):
 PSYoungGen      total 38912K, used 5920K [0x000000076ab00000, 0x000000076da00000, 0x00000007c0000000)
  eden space 29696K, 0% used [0x000000076ab00000,0x000000076ab00000,0x000000076c800000)
  from space 9216K, 64% used [0x000000076c800000,0x000000076cdc8160,0x000000076d100000)
  to   space 9216K, 0% used [0x000000076d100000,0x000000076d100000,0x000000076da00000)
 ParOldGen       total 142336K, used 99601K [0x00000006c0000000, 0x00000006c8b00000, 0x000000076ab00000)
  object space 142336K, 69% used [0x00000006c0000000,0x00000006c6144440,0x00000006c8b00000)
 Metaspace       used 19941K, capacity 20175K, committed 20480K, reserved 1067008K
  class space    used 1907K, capacity 1986K, committed 2048K, reserved 1048576K
}
Event: 125.078 GC heap before
{Heap before GC invocations=73 (full 3):
 PSYoungGen      total 38912K, used 35616K [0x000000076ab00000, 0x000000076da00000, 0x00000007c0000000)
  eden space 29696K, 100% used [0x000000076ab00000,0x000000076c800000,0x000000076c800000)
  from space 9216K, 64% used [0x000000076c800000,0x000000076cdc8160,0x000000076d100000)
  to   space 9216K, 0% used [0x000000076d100000,0x000000076d100000,0x000000076da00000)
 ParOldGen       total 142336K, used 100685K [0x00000006c0000000, 0x00000006c8b00000, 0x000000076ab00000)
  object space 142336K, 70% used [0x00000006c0000000,0x00000006c6253430,0x00000006c8b00000)
 Metaspace       used 19941K, capacity 20175K, committed 20480K, reserved 1067008K
  class space    used 1907K, capacity 1986K, committed 2048K, reserved 1048576K
Event: 125.080 GC heap after
Heap after GC invocations=73 (full 3):
 PSYoungGen      total 37888K, used 4928K [0x000000076ab00000, 0x000000076d900000, 0x00000007c0000000)
  eden space 29696K, 0% used [0x000000076ab00000,0x000000076ab00000,0x000000076c800000)
  from space 8192K, 60% used [0x000000076d100000,0x000000076d5d0120,0x000000076d900000)
  to   space 8704K, 0% used [0x000000076c800000,0x000000076c800000,0x000000076d080000)
 ParOldGen       total 142336K, used 106117K [0x00000006c0000000, 0x00000006c8b00000, 0x000000076ab00000)
  object space 142336K, 74% used [0x00000006c0000000,0x00000006c67a1580,0x00000006c8b00000)
 Metaspace       used 19941K, capacity 20175K, committed 20480K, reserved 1067008K
  class space    used 1907K, capacity 1986K, committed 2048K, reserved 1048576K
}
Event: 125.328 GC heap before
{Heap before GC invocations=74 (full 3):
 PSYoungGen      total 37888K, used 34441K [0x000000076ab00000, 0x000000076d900000, 0x00000007c0000000)
  eden space 29696K, 99% used [0x000000076ab00000,0x000000076c7d26c8,0x000000076c800000)
  from space 8192K, 60% used [0x000000076d100000,0x000000076d5d0120,0x000000076d900000)
  to   space 8704K, 0% used [0x000000076c800000,0x000000076c800000,0x000000076d080000)
 ParOldGen       total 142336K, used 106117K [0x00000006c0000000, 0x00000006c8b00000, 0x000000076ab00000)
  object space 142336K, 74% used [0x00000006c0000000,0x00000006c67a1580,0x00000006c8b00000)
 Metaspace       used 19941K, capacity 20175K, committed 20480K, reserved 1067008K
  class space    used 1907K, capacity 1986K, committed 2048K, reserved 1048576K
Event: 125.329 GC heap after
Heap after GC invocations=74 (full 3):
 PSYoungGen      total 38400K, used 5920K [0x000000076ab00000, 0x000000076d900000, 0x00000007c0000000)
  eden space 29696K, 0% used [0x000000076ab00000,0x000000076ab00000,0x000000076c800000)
  from space 8704K, 68% used [0x000000076c800000,0x000000076cdc8160,0x000000076d080000)
  to   space 8704K, 0% used [0x000000076d080000,0x000000076d080000,0x000000076d900000)
 ParOldGen       total 142336K, used 109765K [0x00000006c0000000, 0x00000006c8b00000, 0x000000076ab00000)
  object space 142336K, 77% used [0x00000006c0000000,0x00000006c6b31660,0x00000006c8b00000)
 Metaspace       used 19941K, capacity 20175K, committed 20480K, reserved 1067008K
  class space    used 1907K, capacity 1986K, committed 2048K, reserved 1048576K
}
Event: 126.511 GC heap before
{Heap before GC invocations=75 (full 3):
 PSYoungGen      total 38400K, used 35523K [0x000000076ab00000, 0x000000076d900000, 0x00000007c0000000)
  eden space 29696K, 99% used [0x000000076ab00000,0x000000076c7e8dd0,0x000000076c800000)
  from space 8704K, 68% used [0x000000076c800000,0x000000076cdc8160,0x000000076d080000)
  to   space 8704K, 0% used [0x000000076d080000,0x000000076d080000,0x000000076d900000)
 ParOldGen       total 142336K, used 109765K [0x00000006c0000000, 0x00000006c8b00000, 0x000000076ab00000)
  object space 142336K, 77% used [0x00000006c0000000,0x00000006c6b31660,0x00000006c8b00000)
 Metaspace       used 19941K, capacity 20175K, committed 20480K, reserved 1067008K
  class space    used 1907K, capacity 1986K, committed 2048K, reserved 1048576K
Event: 126.514 GC heap after
Heap after GC invocations=75 (full 3):
 PSYoungGen      total 38400K, used 4640K [0x000000076ab00000, 0x000000076d900000, 0x00000007c0000000)
  eden space 29696K, 0% used [0x000000076ab00000,0x000000076ab00000,0x000000076c800000)
  from space 8704K, 53% used [0x000000076d080000,0x000000076d508110,0x000000076d900000)
  to   space 8704K, 0% used [0x000000076c800000,0x000000076c800000,0x000000076d080000)
 ParOldGen       total 142336K, used 114685K [0x00000006c0000000, 0x00000006c8b00000, 0x000000076ab00000)
  object space 142336K, 80% used [0x00000006c0000000,0x00000006c6fff790,0x00000006c8b00000)
 Metaspace       used 19941K, capacity 20175K, committed 20480K, reserved 1067008K
  class space    used 1907K, capacity 1986K, committed 2048K, reserved 1048576K
}
Event: 131.294 GC heap before
{Heap before GC invocations=76 (full 3):
 PSYoungGen      total 38400K, used 34336K [0x000000076ab00000, 0x000000076d900000, 0x00000007c0000000)
  eden space 29696K, 100% used [0x000000076ab00000,0x000000076c800000,0x000000076c800000)
  from space 8704K, 53% used [0x000000076d080000,0x000000076d508110,0x000000076d900000)
  to   space 8704K, 0% used [0x000000076c800000,0x000000076c800000,0x000000076d080000)
 ParOldGen       total 142336K, used 114685K [0x00000006c0000000, 0x00000006c8b00000, 0x000000076ab00000)
  object space 142336K, 80% used [0x00000006c0000000,0x00000006c6fff790,0x00000006c8b00000)
 Metaspace       used 19941K, capacity 20175K, committed 20480K, reserved 1067008K
  class space    used 1907K, capacity 1986K, committed 2048K, reserved 1048576K
Event: 131.297 GC heap after
Heap after GC invocations=76 (full 3):
 PSYoungGen      total 38400K, used 3328K [0x000000076ab00000, 0x000000076d900000, 0x00000007c0000000)
  eden space 29696K, 0% used [0x000000076ab00000,0x000000076ab00000,0x000000076c800000)
  from space 8704K, 38% used [0x000000076c800000,0x000000076cb400c0,0x000000076d080000)
  to   space 8704K, 0% used [0x000000076d080000,0x000000076d080000,0x000000076d900000)
 ParOldGen       total 142336K, used 118582K [0x00000006c0000000, 0x00000006c8b00000, 0x000000076ab00000)
  object space 142336K, 83% used [0x00000006c0000000,0x00000006c73cd880,0x00000006c8b00000)
 Metaspace       used 19941K, capacity 20175K, committed 20480K, reserved 1067008K
  class space    used 1907K, capacity 1986K, committed 2048K, reserved 1048576K
}

