# JRE version: Java(TM) SE Runtime Environment (8.0_91-b14) (build 1.8.0_91-b14)
# Java VM: Java HotSpot(TM) 64-Bit Server VM (25.91-b14 mixed mode bsd-amd64 compressed oops)
Heap:
 PSYoungGen      total 82432K, used 45057K [0x000000076ab00000, 0x0000000772300000, 0x00000007c0000000)
  eden space 51712K, 27% used [0x000000076ab00000,0x000000076b907d98,0x000000076dd80000)
  from space 30720K, 99% used [0x000000076ff00000,0x0000000771cf8770,0x0000000771d00000)
  to   space 34304K, 0% used [0x000000076dd80000,0x000000076dd80000,0x000000076ff00000)
 ParOldGen       total 147456K, used 51516K [0x00000006c0000000, 0x00000006c9000000, 0x000000076ab00000)
  object space 147456K, 34% used [0x00000006c0000000,0x00000006c324f078,0x00000006c9000000)
 Metaspace       used 21531K, capacity 21775K, committed 22192K, reserved 1069056K
  class space    used 2089K, capacity 2178K, committed 2304K, reserved 1048576K
GC Heap History (10 events):
Event: 74.134 GC heap before
{Heap before GC invocations=11 (full 1):
 PSYoungGen      total 78336K, used 77921K [0x000000076ab00000, 0x0000000771600000, 0x00000007c0000000)
  eden space 60416K, 100% used [0x000000076ab00000,0x000000076e600000,0x000000076e600000)
  from space 17920K, 97% used [0x000000076e700000,0x000000076f818430,0x000000076f880000)
  to   space 24576K, 0% used [0x000000076fe00000,0x000000076fe00000,0x0000000771600000)
 ParOldGen       total 147456K, used 46075K [0x00000006c0000000, 0x00000006c9000000, 0x000000076ab00000)
  object space 147456K, 31% used [0x00000006c0000000,0x00000006c2cfef28,0x00000006c9000000)
 Metaspace       used 21253K, capacity 21455K, committed 21808K, reserved 1069056K
  class space    used 2059K, capacity 2114K, committed 2176K, reserved 1048576K
Event: 74.138 GC heap after
Heap after GC invocations=11 (full 1):
 PSYoungGen      total 82944K, used 19233K [0x000000076ab00000, 0x0000000771500000, 0x00000007c0000000)
  eden space 59392K, 0% used [0x000000076ab00000,0x000000076ab00000,0x000000076e500000)
  from space 23552K, 81% used [0x000000076fe00000,0x00000007710c84b0,0x0000000771500000)
  to   space 24576K, 0% used [0x000000076e500000,0x000000076e500000,0x000000076fd00000)
 ParOldGen       total 147456K, used 46075K [0x00000006c0000000, 0x00000006c9000000, 0x000000076ab00000)
  object space 147456K, 31% used [0x00000006c0000000,0x00000006c2cfef28,0x00000006c9000000)
 Metaspace       used 21253K, capacity 21455K, committed 21808K, reserved 1069056K
  class space    used 2059K, capacity 2114K, committed 2176K, reserved 1048576K
}
Event: 80.571 GC heap before
{Heap before GC invocations=12 (full 1):
 PSYoungGen      total 82944K, used 78420K [0x000000076ab00000, 0x0000000771500000, 0x00000007c0000000)
  eden space 59392K, 99% used [0x000000076ab00000,0x000000076e4ccce0,0x000000076e500000)
  from space 23552K, 81% used [0x000000076fe00000,0x00000007710c84b0,0x0000000771500000)
  to   space 24576K, 0% used [0x000000076e500000,0x000000076e500000,0x000000076fd00000)
 ParOldGen       total 147456K, used 46075K [0x00000006c0000000, 0x00000006c9000000, 0x000000076ab00000)
  object space 147456K, 31% used [0x00000006c0000000,0x00000006c2cfef28,0x00000006c9000000)
 Metaspace       used 21349K, capacity 21551K, committed 21808K, reserved 1069056K
  class space    used 2077K, capacity 2146K, committed 2176K, reserved 1048576K
Event: 80.576 GC heap after
Heap after GC invocations=12 (full 1):
 PSYoungGen      total 82944K, used 22369K [0x000000076ab00000, 0x0000000771700000, 0x00000007c0000000)
  eden space 58368K, 0% used [0x000000076ab00000,0x000000076ab00000,0x000000076e400000)
  from space 24576K, 91% used [0x000000076e500000,0x000000076fad85a0,0x000000076fd00000)
  to   space 26112K, 0% used [0x000000076fd80000,0x000000076fd80000,0x0000000771700000)
 ParOldGen       total 147456K, used 46075K [0x00000006c0000000, 0x00000006c9000000, 0x000000076ab00000)
  object space 147456K, 31% used [0x00000006c0000000,0x00000006c2cfef28,0x00000006c9000000)
 Metaspace       used 21349K, capacity 21551K, committed 21808K, reserved 1069056K
  class space    used 2077K, capacity 2146K, committed 2176K, reserved 1048576K
}
Event: 83.605 GC heap before
{Heap before GC invocations=13 (full 1):
 PSYoungGen      total 82944K, used 80737K [0x000000076ab00000, 0x0000000771700000, 0x00000007c0000000)
  eden space 58368K, 100% used [0x000000076ab00000,0x000000076e400000,0x000000076e400000)
  from space 24576K, 91% used [0x000000076e500000,0x000000076fad85a0,0x000000076fd00000)
  to   space 26112K, 0% used [0x000000076fd80000,0x000000076fd80000,0x0000000771700000)
 ParOldGen       total 147456K, used 46075K [0x00000006c0000000, 0x00000006c9000000, 0x000000076ab00000)
  object space 147456K, 31% used [0x00000006c0000000,0x00000006c2cfef28,0x00000006c9000000)
 Metaspace       used 21376K, capacity 21551K, committed 21808K, reserved 1069056K
  class space    used 2077K, capacity 2146K, committed 2176K, reserved 1048576K
Event: 83.613 GC heap after
Heap after GC invocations=13 (full 1):
 PSYoungGen      total 82432K, used 25985K [0x000000076ab00000, 0x0000000771a00000, 0x00000007c0000000)
  eden space 56320K, 0% used [0x000000076ab00000,0x000000076ab00000,0x000000076e200000)
  from space 26112K, 99% used [0x000000076fd80000,0x00000007716e0680,0x0000000771700000)
  to   space 28160K, 0% used [0x000000076e200000,0x000000076e200000,0x000000076fd80000)
 ParOldGen       total 147456K, used 46851K [0x00000006c0000000, 0x00000006c9000000, 0x000000076ab00000)
  object space 147456K, 31% used [0x00000006c0000000,0x00000006c2dc0f58,0x00000006c9000000)
 Metaspace       used 21376K, capacity 21551K, committed 21808K, reserved 1069056K
  class space    used 2077K, capacity 2146K, committed 2176K, reserved 1048576K
}
Event: 86.352 GC heap before
{Heap before GC invocations=14 (full 1):
 PSYoungGen      total 82432K, used 82305K [0x000000076ab00000, 0x0000000771a00000, 0x00000007c0000000)
  eden space 56320K, 100% used [0x000000076ab00000,0x000000076e200000,0x000000076e200000)
  from space 26112K, 99% used [0x000000076fd80000,0x00000007716e0680,0x0000000771700000)
  to   space 28160K, 0% used [0x000000076e200000,0x000000076e200000,0x000000076fd80000)
 ParOldGen       total 147456K, used 46851K [0x00000006c0000000, 0x00000006c9000000, 0x000000076ab00000)
  object space 147456K, 31% used [0x00000006c0000000,0x00000006c2dc0f58,0x00000006c9000000)
 Metaspace       used 21409K, capacity 21551K, committed 21808K, reserved 1069056K
  class space    used 2077K, capacity 2146K, committed 2176K, reserved 1048576K
Event: 86.358 GC heap after
Heap after GC invocations=14 (full 1):
 PSYoungGen      total 83456K, used 27937K [0x000000076ab00000, 0x0000000771d00000, 0x00000007c0000000)
  eden space 55296K, 0% used [0x000000076ab00000,0x000000076ab00000,0x000000076e100000)
  from space 28160K, 99% used [0x000000076e200000,0x000000076fd48710,0x000000076fd80000)
  to   space 30720K, 0% used [0x000000076ff00000,0x000000076ff00000,0x0000000771d00000)
 ParOldGen       total 147456K, used 49419K [0x00000006c0000000, 0x00000006c9000000, 0x000000076ab00000)
  object space 147456K, 33% used [0x00000006c0000000,0x00000006c3042ff8,0x00000006c9000000)
 Metaspace       used 21409K, capacity 21551K, committed 21808K, reserved 1069056K
  class space    used 2077K, capacity 2146K, committed 2176K, reserved 1048576K
}
Event: 90.699 GC heap before
{Heap before GC invocations=15 (full 1):
 PSYoungGen      total 83456K, used 83233K [0x000000076ab00000, 0x0000000771d00000, 0x00000007c0000000)
  eden space 55296K, 100% used [0x000000076ab00000,0x000000076e100000,0x000000076e100000)
  from space 28160K, 99% used [0x000000076e200000,0x000000076fd48710,0x000000076fd80000)
  to   space 30720K, 0% used [0x000000076ff00000,0x000000076ff00000,0x0000000771d00000)
 ParOldGen       total 147456K, used 49419K [0x00000006c0000000, 0x00000006c9000000, 0x000000076ab00000)
  object space 147456K, 33% used [0x00000006c0000000,0x00000006c3042ff8,0x00000006c9000000)
 Metaspace       used 21495K, capacity 21743K, committed 22064K, reserved 1069056K
  class space    used 2081K, capacity 2146K, committed 2176K, reserved 1048576K
Event: 90.707 GC heap after
Heap after GC invocations=15 (full 1):
 PSYoungGen      total 82432K, used 30689K [0x000000076ab00000, 0x0000000772300000, 0x00000007c0000000)
  eden space 51712K, 0% used [0x000000076ab00000,0x000000076ab00000,0x000000076dd80000)
  from space 30720K, 99% used [0x000000076ff00000,0x0000000771cf8770,0x0000000771d00000)
  to   space 34304K, 0% used [0x000000076dd80000,0x000000076dd80000,0x000000076ff00000)
 ParOldGen       total 147456K, used 51516K [0x00000006c0000000, 0x00000006c9000000, 0x000000076ab00000)
  object space 147456K, 34% used [0x00000006c0000000,0x00000006c324f078,0x00000006c9000000)
 Metaspace       used 21495K, capacity 21743K, committed 22064K, reserved 1069056K
  class space    used 2081K, capacity 2146K, committed 2176K, reserved 1048576K
}

