# JRE version: Java(TM) SE Runtime Environment (8.0_91-b14) (build 1.8.0_91-b14)
# Java VM: Java HotSpot(TM) 64-Bit Server VM (25.91-b14 mixed mode bsd-amd64 compressed oops)
Heap:
 PSYoungGen      total 80896K, used 41312K [0x000000076ab00000, 0x0000000771700000, 0x00000007c0000000)
  eden space 54272K, 75% used [0x000000076ab00000,0x000000076d3281e0,0x000000076e000000)
  from space 26624K, 0% used [0x000000076fd00000,0x000000076fd30000,0x0000000771700000)
  to   space 28160K, 0% used [0x000000076e000000,0x000000076e000000,0x000000076fb80000)
 ParOldGen       total 175104K, used 49922K [0x00000006c0000000, 0x00000006cab00000, 0x000000076ab00000)
  object space 175104K, 28% used [0x00000006c0000000,0x00000006c30c0948,0x00000006cab00000)
 Metaspace       used 19413K, capacity 19641K, committed 19968K, reserved 1067008K
  class space    used 1896K, capacity 1981K, committed 2048K, reserved 1048576K
GC Heap History (10 events):
Event: 81.290 GC heap before
{Heap before GC invocations=10 (full 0):
 PSYoungGen      total 86528K, used 59584K [0x000000076ab00000, 0x0000000771c00000, 0x00000007c0000000)
  eden space 59392K, 100% used [0x000000076ab00000,0x000000076e500000,0x000000076e500000)
  from space 27136K, 0% used [0x000000076e600000,0x000000076e630000,0x0000000770080000)
  to   space 28160K, 0% used [0x0000000770080000,0x0000000770080000,0x0000000771c00000)
 ParOldGen       total 175104K, used 49706K [0x00000006c0000000, 0x00000006cab00000, 0x000000076ab00000)
  object space 175104K, 28% used [0x00000006c0000000,0x00000006c308a948,0x00000006cab00000)
 Metaspace       used 19370K, capacity 19641K, committed 19968K, reserved 1067008K
  class space    used 1887K, capacity 1981K, committed 2048K, reserved 1048576K
Event: 81.292 GC heap after
Heap after GC invocations=10 (full 0):
 PSYoungGen      total 86528K, used 192K [0x000000076ab00000, 0x0000000771d00000, 0x00000007c0000000)
  eden space 58368K, 0% used [0x000000076ab00000,0x000000076ab00000,0x000000076e400000)
  from space 28160K, 0% used [0x0000000770080000,0x00000007700b0000,0x0000000771c00000)
  to   space 29184K, 0% used [0x000000076e400000,0x000000076e400000,0x0000000770080000)
 ParOldGen       total 175104K, used 49762K [0x00000006c0000000, 0x00000006cab00000, 0x000000076ab00000)
  object space 175104K, 28% used [0x00000006c0000000,0x00000006c3098948,0x00000006cab00000)
 Metaspace       used 19370K, capacity 19641K, committed 19968K, reserved 1067008K
  class space    used 1887K, capacity 1981K, committed 2048K, reserved 1048576K
}
Event: 94.126 GC heap before
{Heap before GC invocations=11 (full 0):
 PSYoungGen      total 86528K, used 58560K [0x000000076ab00000, 0x0000000771d00000, 0x00000007c0000000)
  eden space 58368K, 100% used [0x000000076ab00000,0x000000076e400000,0x000000076e400000)
  from space 28160K, 0% used [0x0000000770080000,0x00000007700b0000,0x0000000771c00000)
  to   space 29184K, 0% used [0x000000076e400000,0x000000076e400000,0x0000000770080000)
 ParOldGen       total 175104K, used 49762K [0x00000006c0000000, 0x00000006cab00000, 0x000000076ab00000)
  object space 175104K, 28% used [0x00000006c0000000,0x00000006c3098948,0x00000006cab00000)
 Metaspace       used 19370K, capacity 19641K, committed 19968K, reserved 1067008K
  class space    used 1887K, capacity 1981K, committed 2048K, reserved 1048576K
Event: 94.128 GC heap after
Heap after GC invocations=11 (full 0):
 PSYoungGen      total 57856K, used 224K [0x000000076ab00000, 0x0000000771c00000, 0x00000007c0000000)
  eden space 57344K, 0% used [0x000000076ab00000,0x000000076ab00000,0x000000076e300000)
  from space 512K, 43% used [0x000000076e400000,0x000000076e438000,0x000000076e480000)
  to   space 29184K, 0% used [0x000000076ff80000,0x000000076ff80000,0x0000000771c00000)
 ParOldGen       total 175104K, used 49778K [0x00000006c0000000, 0x00000006cab00000, 0x000000076ab00000)
  object space 175104K, 28% used [0x00000006c0000000,0x00000006c309c948,0x00000006cab00000)
 Metaspace       used 19370K, capacity 19641K, committed 19968K, reserved 1067008K
  class space    used 1887K, capacity 1981K, committed 2048K, reserved 1048576K
}
Event: 106.895 GC heap before
{Heap before GC invocations=12 (full 0):
 PSYoungGen      total 57856K, used 57568K [0x000000076ab00000, 0x0000000771c00000, 0x00000007c0000000)
  eden space 57344K, 100% used [0x000000076ab00000,0x000000076e300000,0x000000076e300000)
  from space 512K, 43% used [0x000000076e400000,0x000000076e438000,0x000000076e480000)
  to   space 29184K, 0% used [0x000000076ff80000,0x000000076ff80000,0x0000000771c00000)
 ParOldGen       total 175104K, used 49778K [0x00000006c0000000, 0x00000006cab00000, 0x000000076ab00000)
  object space 175104K, 28% used [0x00000006c0000000,0x00000006c309c948,0x00000006cab00000)
 Metaspace       used 19371K, capacity 19641K, committed 19968K, reserved 1067008K
  class space    used 1888K, capacity 1981K, committed 2048K, reserved 1048576K
Event: 106.897 GC heap after
Heap after GC invocations=12 (full 0):
 PSYoungGen      total 84480K, used 256K [0x000000076ab00000, 0x0000000771b00000, 0x00000007c0000000)
  eden space 56320K, 0% used [0x000000076ab00000,0x000000076ab00000,0x000000076e200000)
  from space 28160K, 0% used [0x000000076ff80000,0x000000076ffc0000,0x0000000771b00000)
  to   space 29184K, 0% used [0x000000076e200000,0x000000076e200000,0x000000076fe80000)
 ParOldGen       total 175104K, used 49858K [0x00000006c0000000, 0x00000006cab00000, 0x000000076ab00000)
  object space 175104K, 28% used [0x00000006c0000000,0x00000006c30b0948,0x00000006cab00000)
 Metaspace       used 19371K, capacity 19641K, committed 19968K, reserved 1067008K
  class space    used 1888K, capacity 1981K, committed 2048K, reserved 1048576K
}
Event: 119.447 GC heap before
{Heap before GC invocations=13 (full 0):
 PSYoungGen      total 84480K, used 56576K [0x000000076ab00000, 0x0000000771b00000, 0x00000007c0000000)
  eden space 56320K, 100% used [0x000000076ab00000,0x000000076e200000,0x000000076e200000)
  from space 28160K, 0% used [0x000000076ff80000,0x000000076ffc0000,0x0000000771b00000)
  to   space 29184K, 0% used [0x000000076e200000,0x000000076e200000,0x000000076fe80000)
 ParOldGen       total 175104K, used 49858K [0x00000006c0000000, 0x00000006cab00000, 0x000000076ab00000)
  object space 175104K, 28% used [0x00000006c0000000,0x00000006c30b0948,0x00000006cab00000)
 Metaspace       used 19371K, capacity 19641K, committed 19968K, reserved 1067008K
  class space    used 1888K, capacity 1981K, committed 2048K, reserved 1048576K
Event: 119.448 GC heap after
Heap after GC invocations=13 (full 0):
 PSYoungGen      total 55808K, used 128K [0x000000076ab00000, 0x0000000771900000, 0x00000007c0000000)
  eden space 55296K, 0% used [0x000000076ab00000,0x000000076ab00000,0x000000076e100000)
  from space 512K, 25% used [0x000000076e200000,0x000000076e220000,0x000000076e280000)
  to   space 28672K, 0% used [0x000000076fd00000,0x000000076fd00000,0x0000000771900000)
 ParOldGen       total 175104K, used 49922K [0x00000006c0000000, 0x00000006cab00000, 0x000000076ab00000)
  object space 175104K, 28% used [0x00000006c0000000,0x00000006c30c0948,0x00000006cab00000)
 Metaspace       used 19371K, capacity 19641K, committed 19968K, reserved 1067008K
  class space    used 1888K, capacity 1981K, committed 2048K, reserved 1048576K
}
Event: 131.736 GC heap before
{Heap before GC invocations=14 (full 0):
 PSYoungGen      total 55808K, used 55424K [0x000000076ab00000, 0x0000000771900000, 0x00000007c0000000)
  eden space 55296K, 100% used [0x000000076ab00000,0x000000076e100000,0x000000076e100000)
  from space 512K, 25% used [0x000000076e200000,0x000000076e220000,0x000000076e280000)
  to   space 28672K, 0% used [0x000000076fd00000,0x000000076fd00000,0x0000000771900000)
 ParOldGen       total 175104K, used 49922K [0x00000006c0000000, 0x00000006cab00000, 0x000000076ab00000)
  object space 175104K, 28% used [0x00000006c0000000,0x00000006c30c0948,0x00000006cab00000)
 Metaspace       used 19372K, capacity 19641K, committed 19968K, reserved 1067008K
  class space    used 1888K, capacity 1981K, committed 2048K, reserved 1048576K
Event: 131.737 GC heap after
Heap after GC invocations=14 (full 0):
 PSYoungGen      total 80896K, used 192K [0x000000076ab00000, 0x0000000771700000, 0x00000007c0000000)
  eden space 54272K, 0% used [0x000000076ab00000,0x000000076ab00000,0x000000076e000000)
  from space 26624K, 0% used [0x000000076fd00000,0x000000076fd30000,0x0000000771700000)
  to   space 28160K, 0% used [0x000000076e000000,0x000000076e000000,0x000000076fb80000)
 ParOldGen       total 175104K, used 49922K [0x00000006c0000000, 0x00000006cab00000, 0x000000076ab00000)
  object space 175104K, 28% used [0x00000006c0000000,0x00000006c30c0948,0x00000006cab00000)
 Metaspace       used 19372K, capacity 19641K, committed 19968K, reserved 1067008K
  class space    used 1888K, capacity 1981K, committed 2048K, reserved 1048576K
}

