# JRE version: Java(TM) SE Runtime Environment (8.0_91-b14) (build 1.8.0_91-b14)
# Java VM: Java HotSpot(TM) 64-Bit Server VM (25.91-b14 mixed mode bsd-amd64 compressed oops)
Heap:
 PSYoungGen      total 86528K, used 39559K [0x0000000795580000, 0x000000079c700000, 0x00000007c0000000)
  eden space 61952K, 44% used [0x0000000795580000,0x0000000797069c48,0x0000000799200000)
  from space 24576K, 48% used [0x000000079af00000,0x000000079bab82e0,0x000000079c700000)
  to   space 27136K, 0% used [0x0000000799200000,0x0000000799200000,0x000000079ac80000)
 ParOldGen       total 155648K, used 96085K [0x0000000740000000, 0x0000000749800000, 0x0000000795580000)
  object space 155648K, 61% used [0x0000000740000000,0x0000000745dd5668,0x0000000749800000)
 Metaspace       used 21319K, capacity 21509K, committed 21808K, reserved 1069056K
  class space    used 2029K, capacity 2109K, committed 2176K, reserved 1048576K
GC Heap History (10 events):
Event: 41.265 GC heap before
{Heap before GC invocations=20 (full 1):
 PSYoungGen      total 91136K, used 90871K [0x0000000795580000, 0x000000079d180000, 0x00000007c0000000)
  eden space 66560K, 99% used [0x0000000795580000,0x0000000799645788,0x0000000799680000)
  from space 24576K, 99% used [0x000000079b180000,0x000000079c9785f0,0x000000079c980000)
  to   space 27648K, 0% used [0x0000000799680000,0x0000000799680000,0x000000079b180000)
 ParOldGen       total 119808K, used 92156K [0x0000000740000000, 0x0000000747500000, 0x0000000795580000)
  object space 119808K, 76% used [0x0000000740000000,0x00000007459ff138,0x0000000747500000)
 Metaspace       used 21249K, capacity 21477K, committed 21808K, reserved 1069056K
  class space    used 2021K, capacity 2077K, committed 2176K, reserved 1048576K
Event: 41.283 GC heap after
Heap after GC invocations=20 (full 1):
 PSYoungGen      total 94208K, used 22561K [0x0000000795580000, 0x000000079df80000, 0x00000007c0000000)
  eden space 66560K, 0% used [0x0000000795580000,0x0000000795580000,0x0000000799680000)
  from space 27648K, 81% used [0x0000000799680000,0x000000079ac88580,0x000000079b180000)
  to   space 29696K, 0% used [0x000000079c280000,0x000000079c280000,0x000000079df80000)
 ParOldGen       total 119808K, used 106309K [0x0000000740000000, 0x0000000747500000, 0x0000000795580000)
  object space 119808K, 88% used [0x0000000740000000,0x00000007467d14a8,0x0000000747500000)
 Metaspace       used 21249K, capacity 21477K, committed 21808K, reserved 1069056K
  class space    used 2021K, capacity 2077K, committed 2176K, reserved 1048576K
}
Event: 41.283 GC heap before
{Heap before GC invocations=21 (full 2):
 PSYoungGen      total 94208K, used 22561K [0x0000000795580000, 0x000000079df80000, 0x00000007c0000000)
  eden space 66560K, 0% used [0x0000000795580000,0x0000000795580000,0x0000000799680000)
  from space 27648K, 81% used [0x0000000799680000,0x000000079ac88580,0x000000079b180000)
  to   space 29696K, 0% used [0x000000079c280000,0x000000079c280000,0x000000079df80000)
 ParOldGen       total 119808K, used 106309K [0x0000000740000000, 0x0000000747500000, 0x0000000795580000)
  object space 119808K, 88% used [0x0000000740000000,0x00000007467d14a8,0x0000000747500000)
 Metaspace       used 21249K, capacity 21477K, committed 21808K, reserved 1069056K
  class space    used 2021K, capacity 2077K, committed 2176K, reserved 1048576K
Event: 41.330 GC heap after
Heap after GC invocations=21 (full 2):
 PSYoungGen      total 94208K, used 0K [0x0000000795580000, 0x000000079df80000, 0x00000007c0000000)
  eden space 66560K, 0% used [0x0000000795580000,0x0000000795580000,0x0000000799680000)
  from space 27648K, 0% used [0x0000000799680000,0x0000000799680000,0x000000079b180000)
  to   space 29696K, 0% used [0x000000079c280000,0x000000079c280000,0x000000079df80000)
 ParOldGen       total 155648K, used 76764K [0x0000000740000000, 0x0000000749800000, 0x0000000795580000)
  object space 155648K, 49% used [0x0000000740000000,0x0000000744af71b8,0x0000000749800000)
 Metaspace       used 21249K, capacity 21477K, committed 21808K, reserved 1069056K
  class space    used 2021K, capacity 2077K, committed 2176K, reserved 1048576K
}
Event: 45.829 GC heap before
{Heap before GC invocations=22 (full 2):
 PSYoungGen      total 94208K, used 66528K [0x0000000795580000, 0x000000079df80000, 0x00000007c0000000)
  eden space 66560K, 99% used [0x0000000795580000,0x0000000799678340,0x0000000799680000)
  from space 27648K, 0% used [0x0000000799680000,0x0000000799680000,0x000000079b180000)
  to   space 29696K, 0% used [0x000000079c280000,0x000000079c280000,0x000000079df80000)
 ParOldGen       total 155648K, used 76764K [0x0000000740000000, 0x0000000749800000, 0x0000000795580000)
  object space 155648K, 49% used [0x0000000740000000,0x0000000744af71b8,0x0000000749800000)
 Metaspace       used 21274K, capacity 21477K, committed 21808K, reserved 1069056K
  class space    used 2021K, capacity 2077K, committed 2176K, reserved 1048576K
Event: 45.837 GC heap after
Heap after GC invocations=22 (full 2):
 PSYoungGen      total 76800K, used 9952K [0x0000000795580000, 0x000000079ce00000, 0x00000007c0000000)
  eden space 65024K, 0% used [0x0000000795580000,0x0000000795580000,0x0000000799500000)
  from space 11776K, 84% used [0x000000079c280000,0x000000079cc38260,0x000000079ce00000)
  to   space 29184K, 0% used [0x0000000799500000,0x0000000799500000,0x000000079b180000)
 ParOldGen       total 155648K, used 76772K [0x0000000740000000, 0x0000000749800000, 0x0000000795580000)
  object space 155648K, 49% used [0x0000000740000000,0x0000000744af91b8,0x0000000749800000)
 Metaspace       used 21274K, capacity 21477K, committed 21808K, reserved 1069056K
  class space    used 2021K, capacity 2077K, committed 2176K, reserved 1048576K
}
Event: 50.205 GC heap before
{Heap before GC invocations=23 (full 2):
 PSYoungGen      total 76800K, used 74976K [0x0000000795580000, 0x000000079ce00000, 0x00000007c0000000)
  eden space 65024K, 100% used [0x0000000795580000,0x0000000799500000,0x0000000799500000)
  from space 11776K, 84% used [0x000000079c280000,0x000000079cc38260,0x000000079ce00000)
  to   space 29184K, 0% used [0x0000000799500000,0x0000000799500000,0x000000079b180000)
 ParOldGen       total 155648K, used 76772K [0x0000000740000000, 0x0000000749800000, 0x0000000795580000)
  object space 155648K, 49% used [0x0000000740000000,0x0000000744af91b8,0x0000000749800000)
 Metaspace       used 21277K, capacity 21477K, committed 21808K, reserved 1069056K
  class space    used 2021K, capacity 2077K, committed 2176K, reserved 1048576K
Event: 50.210 GC heap after
Heap after GC invocations=23 (full 2):
 PSYoungGen      total 74752K, used 11200K [0x0000000795580000, 0x000000079ca80000, 0x00000007c0000000)
  eden space 63488K, 0% used [0x0000000795580000,0x0000000795580000,0x0000000799380000)
  from space 11264K, 99% used [0x0000000799500000,0x0000000799ff02b0,0x000000079a000000)
  to   space 28160K, 0% used [0x000000079af00000,0x000000079af00000,0x000000079ca80000)
 ParOldGen       total 155648K, used 85788K [0x0000000740000000, 0x0000000749800000, 0x0000000795580000)
  object space 155648K, 55% used [0x0000000740000000,0x00000007453c73e8,0x0000000749800000)
 Metaspace       used 21277K, capacity 21477K, committed 21808K, reserved 1069056K
  class space    used 2021K, capacity 2077K, committed 2176K, reserved 1048576K
}
Event: 53.248 GC heap before
{Heap before GC invocations=24 (full 2):
 PSYoungGen      total 74752K, used 74657K [0x0000000795580000, 0x000000079ca80000, 0x00000007c0000000)
  eden space 63488K, 99% used [0x0000000795580000,0x00000007993781f8,0x0000000799380000)
  from space 11264K, 99% used [0x0000000799500000,0x0000000799ff02b0,0x000000079a000000)
  to   space 28160K, 0% used [0x000000079af00000,0x000000079af00000,0x000000079ca80000)
 ParOldGen       total 155648K, used 85788K [0x0000000740000000, 0x0000000749800000, 0x0000000795580000)
  object space 155648K, 55% used [0x0000000740000000,0x00000007453c73e8,0x0000000749800000)
 Metaspace       used 21283K, capacity 21477K, committed 21808K, reserved 1069056K
  class space    used 2021K, capacity 2077K, committed 2176K, reserved 1048576K
Event: 53.254 GC heap after
Heap after GC invocations=24 (full 2):
 PSYoungGen      total 86528K, used 12000K [0x0000000795580000, 0x000000079c700000, 0x00000007c0000000)
  eden space 61952K, 0% used [0x0000000795580000,0x0000000795580000,0x0000000799200000)
  from space 24576K, 48% used [0x000000079af00000,0x000000079bab82e0,0x000000079c700000)
  to   space 27136K, 0% used [0x0000000799200000,0x0000000799200000,0x000000079ac80000)
 ParOldGen       total 155648K, used 96085K [0x0000000740000000, 0x0000000749800000, 0x0000000795580000)
  object space 155648K, 61% used [0x0000000740000000,0x0000000745dd5668,0x0000000749800000)
 Metaspace       used 21283K, capacity 21477K, committed 21808K, reserved 1069056K
  class space    used 2021K, capacity 2077K, committed 2176K, reserved 1048576K
}

