# JRE version: Java(TM) SE Runtime Environment (8.0_91-b14) (build 1.8.0_91-b14)
# Java VM: Java HotSpot(TM) 64-Bit Server VM (25.91-b14 mixed mode bsd-amd64 compressed oops)
Heap:
 PSYoungGen      total 82944K, used 17787K [0x000000076ab00000, 0x0000000771800000, 0x00000007c0000000)
  eden space 55296K, 20% used [0x000000076ab00000,0x000000076b5eec08,0x000000076e100000)
  from space 27648K, 23% used [0x000000076fd00000,0x00000007703701a0,0x0000000771800000)
  to   space 28160K, 0% used [0x000000076e100000,0x000000076e100000,0x000000076fc80000)
 ParOldGen       total 175104K, used 69517K [0x00000006c0000000, 0x00000006cab00000, 0x000000076ab00000)
  object space 175104K, 39% used [0x00000006c0000000,0x00000006c43e3440,0x00000006cab00000)
 Metaspace       used 19767K, capacity 20011K, committed 20224K, reserved 1067008K
  class space    used 1912K, capacity 2018K, committed 2048K, reserved 1048576K
GC Heap History (10 events):
Event: 45.670 GC heap before
{Heap before GC invocations=8 (full 0):
 PSYoungGen      total 79872K, used 79665K [0x000000076ab00000, 0x0000000771600000, 0x00000007c0000000)
  eden space 61440K, 100% used [0x000000076ab00000,0x000000076e700000,0x000000076e700000)
  from space 18432K, 98% used [0x000000076e800000,0x000000076f9cc490,0x000000076fa00000)
  to   space 24064K, 0% used [0x000000076fe80000,0x000000076fe80000,0x0000000771600000)
 ParOldGen       total 175104K, used 43227K [0x00000006c0000000, 0x00000006cab00000, 0x000000076ab00000)
  object space 175104K, 24% used [0x00000006c0000000,0x00000006c2a36e00,0x00000006cab00000)
 Metaspace       used 19692K, capacity 19915K, committed 20224K, reserved 1067008K
  class space    used 1903K, capacity 1986K, committed 2048K, reserved 1048576K
Event: 45.675 GC heap after
Heap after GC invocations=8 (full 0):
 PSYoungGen      total 83456K, used 20305K [0x000000076ab00000, 0x0000000771500000, 0x00000007c0000000)
  eden space 60416K, 0% used [0x000000076ab00000,0x000000076ab00000,0x000000076e600000)
  from space 23040K, 88% used [0x000000076fe80000,0x0000000771254500,0x0000000771500000)
  to   space 24064K, 0% used [0x000000076e600000,0x000000076e600000,0x000000076fd80000)
 ParOldGen       total 175104K, used 45155K [0x00000006c0000000, 0x00000006cab00000, 0x000000076ab00000)
  object space 175104K, 25% used [0x00000006c0000000,0x00000006c2c18e70,0x00000006cab00000)
 Metaspace       used 19692K, capacity 19915K, committed 20224K, reserved 1067008K
  class space    used 1903K, capacity 1986K, committed 2048K, reserved 1048576K
}
Event: 53.807 GC heap before
{Heap before GC invocations=9 (full 0):
 PSYoungGen      total 83456K, used 80721K [0x000000076ab00000, 0x0000000771500000, 0x00000007c0000000)
  eden space 60416K, 100% used [0x000000076ab00000,0x000000076e600000,0x000000076e600000)
  from space 23040K, 88% used [0x000000076fe80000,0x0000000771254500,0x0000000771500000)
  to   space 24064K, 0% used [0x000000076e600000,0x000000076e600000,0x000000076fd80000)
 ParOldGen       total 175104K, used 45155K [0x00000006c0000000, 0x00000006cab00000, 0x000000076ab00000)
  object space 175104K, 25% used [0x00000006c0000000,0x00000006c2c18e70,0x00000006cab00000)
 Metaspace       used 19696K, capacity 19915K, committed 20224K, reserved 1067008K
  class space    used 1903K, capacity 1986K, committed 2048K, reserved 1048576K
Event: 53.814 GC heap after
Heap after GC invocations=9 (full 0):
 PSYoungGen      total 74240K, used 14656K [0x000000076ab00000, 0x0000000771400000, 0x00000007c0000000)
  eden space 59392K, 0% used [0x000000076ab00000,0x000000076ab00000,0x000000076e500000)
  from space 14848K, 98% used [0x000000076e600000,0x000000076f450390,0x000000076f480000)
  to   space 24064K, 0% used [0x000000076fc80000,0x000000076fc80000,0x0000000771400000)
 ParOldGen       total 175104K, used 55036K [0x00000006c0000000, 0x00000006cab00000, 0x000000076ab00000)
  object space 175104K, 31% used [0x00000006c0000000,0x00000006c35bf0d0,0x00000006cab00000)
 Metaspace       used 19696K, capacity 19915K, committed 20224K, reserved 1067008K
  class space    used 1903K, capacity 1986K, committed 2048K, reserved 1048576K
}
Event: 65.266 GC heap before
{Heap before GC invocations=10 (full 0):
 PSYoungGen      total 74240K, used 74048K [0x000000076ab00000, 0x0000000771400000, 0x00000007c0000000)
  eden space 59392K, 100% used [0x000000076ab00000,0x000000076e500000,0x000000076e500000)
  from space 14848K, 98% used [0x000000076e600000,0x000000076f450390,0x000000076f480000)
  to   space 24064K, 0% used [0x000000076fc80000,0x000000076fc80000,0x0000000771400000)
 ParOldGen       total 175104K, used 55036K [0x00000006c0000000, 0x00000006cab00000, 0x000000076ab00000)
  object space 175104K, 31% used [0x00000006c0000000,0x00000006c35bf0d0,0x00000006cab00000)
 Metaspace       used 19696K, capacity 19915K, committed 20224K, reserved 1067008K
  class space    used 1903K, capacity 1986K, committed 2048K, reserved 1048576K
Event: 65.274 GC heap after
Heap after GC invocations=10 (full 0):
 PSYoungGen      total 81408K, used 4448K [0x000000076ab00000, 0x0000000771700000, 0x00000007c0000000)
  eden space 57344K, 0% used [0x000000076ab00000,0x000000076ab00000,0x000000076e300000)
  from space 24064K, 18% used [0x000000076fc80000,0x00000007700d8100,0x0000000771400000)
  to   space 26112K, 0% used [0x000000076e300000,0x000000076e300000,0x000000076fc80000)
 ParOldGen       total 175104K, used 65196K [0x00000006c0000000, 0x00000006cab00000, 0x000000076ab00000)
  object space 175104K, 37% used [0x00000006c0000000,0x00000006c3fab340,0x00000006cab00000)
 Metaspace       used 19696K, capacity 19915K, committed 20224K, reserved 1067008K
  class space    used 1903K, capacity 1986K, committed 2048K, reserved 1048576K
}
Event: 77.316 GC heap before
{Heap before GC invocations=11 (full 0):
 PSYoungGen      total 81408K, used 61792K [0x000000076ab00000, 0x0000000771700000, 0x00000007c0000000)
  eden space 57344K, 100% used [0x000000076ab00000,0x000000076e300000,0x000000076e300000)
  from space 24064K, 18% used [0x000000076fc80000,0x00000007700d8100,0x0000000771400000)
  to   space 26112K, 0% used [0x000000076e300000,0x000000076e300000,0x000000076fc80000)
 ParOldGen       total 175104K, used 65196K [0x00000006c0000000, 0x00000006cab00000, 0x000000076ab00000)
  object space 175104K, 37% used [0x00000006c0000000,0x00000006c3fab340,0x00000006cab00000)
 Metaspace       used 19696K, capacity 19915K, committed 20224K, reserved 1067008K
  class space    used 1903K, capacity 1986K, committed 2048K, reserved 1048576K
Event: 77.319 GC heap after
Heap after GC invocations=11 (full 0):
 PSYoungGen      total 82432K, used 224K [0x000000076ab00000, 0x0000000771800000, 0x00000007c0000000)
  eden space 56320K, 0% used [0x000000076ab00000,0x000000076ab00000,0x000000076e200000)
  from space 26112K, 0% used [0x000000076e300000,0x000000076e338000,0x000000076fc80000)
  to   space 27648K, 0% used [0x000000076fd00000,0x000000076fd00000,0x0000000771800000)
 ParOldGen       total 175104K, used 69445K [0x00000006c0000000, 0x00000006cab00000, 0x000000076ab00000)
  object space 175104K, 39% used [0x00000006c0000000,0x00000006c43d1440,0x00000006cab00000)
 Metaspace       used 19696K, capacity 19915K, committed 20224K, reserved 1067008K
  class space    used 1903K, capacity 1986K, committed 2048K, reserved 1048576K
}
Event: 83.701 GC heap before
{Heap before GC invocations=12 (full 0):
 PSYoungGen      total 82432K, used 56544K [0x000000076ab00000, 0x0000000771800000, 0x00000007c0000000)
  eden space 56320K, 100% used [0x000000076ab00000,0x000000076e200000,0x000000076e200000)
  from space 26112K, 0% used [0x000000076e300000,0x000000076e338000,0x000000076fc80000)
  to   space 27648K, 0% used [0x000000076fd00000,0x000000076fd00000,0x0000000771800000)
 ParOldGen       total 175104K, used 69445K [0x00000006c0000000, 0x00000006cab00000, 0x000000076ab00000)
  object space 175104K, 39% used [0x00000006c0000000,0x00000006c43d1440,0x00000006cab00000)
 Metaspace       used 19731K, capacity 19979K, committed 20224K, reserved 1067008K
  class space    used 1904K, capacity 1986K, committed 2048K, reserved 1048576K
Event: 83.703 GC heap after
Heap after GC invocations=12 (full 0):
 PSYoungGen      total 82944K, used 6592K [0x000000076ab00000, 0x0000000771800000, 0x00000007c0000000)
  eden space 55296K, 0% used [0x000000076ab00000,0x000000076ab00000,0x000000076e100000)
  from space 27648K, 23% used [0x000000076fd00000,0x00000007703701a0,0x0000000771800000)
  to   space 28160K, 0% used [0x000000076e100000,0x000000076e100000,0x000000076fc80000)
 ParOldGen       total 175104K, used 69517K [0x00000006c0000000, 0x00000006cab00000, 0x000000076ab00000)
  object space 175104K, 39% used [0x00000006c0000000,0x00000006c43e3440,0x00000006cab00000)
 Metaspace       used 19731K, capacity 19979K, committed 20224K, reserved 1067008K
  class space    used 1904K, capacity 1986K, committed 2048K, reserved 1048576K
}

