# JRE version: Java(TM) SE Runtime Environment (8.0_91-b14) (build 1.8.0_91-b14)
# Java VM: Java HotSpot(TM) 64-Bit Server VM (25.91-b14 mixed mode bsd-amd64 compressed oops)
Heap:
 PSYoungGen      total 89088K, used 47385K [0x000000076ab00000, 0x0000000771e00000, 0x00000007c0000000)
  eden space 62464K, 41% used [0x000000076ab00000,0x000000076c46d438,0x000000076e800000)
  from space 26624K, 80% used [0x0000000770400000,0x00000007718d90e0,0x0000000771e00000)
  to   space 27648K, 0% used [0x000000076e800000,0x000000076e800000,0x0000000770300000)
 ParOldGen       total 175104K, used 41031K [0x00000006c0000000, 0x00000006cab00000, 0x000000076ab00000)
  object space 175104K, 23% used [0x00000006c0000000,0x00000006c2811ca0,0x00000006cab00000)
 Metaspace       used 19578K, capacity 19837K, committed 19968K, reserved 1067008K
  class space    used 1897K, capacity 1981K, committed 2048K, reserved 1048576K
GC Heap History (10 events):
Event: 7.292 GC heap before
{Heap before GC invocations=2 (full 0):
 PSYoungGen      total 76288K, used 76278K [0x000000076ab00000, 0x0000000770000000, 0x00000007c0000000)
  eden space 65536K, 100% used [0x000000076ab00000,0x000000076eb00000,0x000000076eb00000)
  from space 10752K, 99% used [0x000000076eb00000,0x000000076f57d970,0x000000076f580000)
  to   space 10752K, 0% used [0x000000076f580000,0x000000076f580000,0x0000000770000000)
 ParOldGen       total 175104K, used 2967K [0x00000006c0000000, 0x00000006cab00000, 0x000000076ab00000)
  object space 175104K, 1% used [0x00000006c0000000,0x00000006c02e5cc0,0x00000006cab00000)
 Metaspace       used 19022K, capacity 19261K, committed 19456K, reserved 1067008K
  class space    used 1885K, capacity 1981K, committed 2048K, reserved 1048576K
Event: 7.304 GC heap after
Heap after GC invocations=2 (full 0):
 PSYoungGen      total 76288K, used 10739K [0x000000076ab00000, 0x0000000770000000, 0x00000007c0000000)
  eden space 65536K, 0% used [0x000000076ab00000,0x000000076ab00000,0x000000076eb00000)
  from space 10752K, 99% used [0x000000076f580000,0x000000076fffce30,0x0000000770000000)
  to   space 10752K, 0% used [0x000000076eb00000,0x000000076eb00000,0x000000076f580000)
 ParOldGen       total 175104K, used 10247K [0x00000006c0000000, 0x00000006cab00000, 0x000000076ab00000)
  object space 175104K, 5% used [0x00000006c0000000,0x00000006c0a01c90,0x00000006cab00000)
 Metaspace       used 19022K, capacity 19261K, committed 19456K, reserved 1067008K
  class space    used 1885K, capacity 1981K, committed 2048K, reserved 1048576K
}
Event: 9.125 GC heap before
{Heap before GC invocations=3 (full 0):
 PSYoungGen      total 76288K, used 76275K [0x000000076ab00000, 0x0000000770000000, 0x00000007c0000000)
  eden space 65536K, 100% used [0x000000076ab00000,0x000000076eb00000,0x000000076eb00000)
  from space 10752K, 99% used [0x000000076f580000,0x000000076fffce30,0x0000000770000000)
  to   space 10752K, 0% used [0x000000076eb00000,0x000000076eb00000,0x000000076f580000)
 ParOldGen       total 175104K, used 10247K [0x00000006c0000000, 0x00000006cab00000, 0x000000076ab00000)
  object space 175104K, 5% used [0x00000006c0000000,0x00000006c0a01c90,0x00000006cab00000)
 Metaspace       used 19175K, capacity 19389K, committed 19712K, reserved 1067008K
  class space    used 1886K, capacity 1981K, committed 2048K, reserved 1048576K
Event: 9.134 GC heap after
Heap after GC invocations=3 (full 0):
 PSYoungGen      total 76288K, used 10739K [0x000000076ab00000, 0x0000000770000000, 0x00000007c0000000)
  eden space 65536K, 0% used [0x000000076ab00000,0x000000076ab00000,0x000000076eb00000)
  from space 10752K, 99% used [0x000000076eb00000,0x000000076f57ce60,0x000000076f580000)
  to   space 10752K, 0% used [0x000000076f580000,0x000000076f580000,0x0000000770000000)
 ParOldGen       total 175104K, used 19915K [0x00000006c0000000, 0x00000006cab00000, 0x000000076ab00000)
  object space 175104K, 11% used [0x00000006c0000000,0x00000006c1372ee0,0x00000006cab00000)
 Metaspace       used 19175K, capacity 19389K, committed 19712K, reserved 1067008K
  class space    used 1886K, capacity 1981K, committed 2048K, reserved 1048576K
}
Event: 11.231 GC heap before
{Heap before GC invocations=4 (full 0):
 PSYoungGen      total 76288K, used 76275K [0x000000076ab00000, 0x0000000770000000, 0x00000007c0000000)
  eden space 65536K, 100% used [0x000000076ab00000,0x000000076eb00000,0x000000076eb00000)
  from space 10752K, 99% used [0x000000076eb00000,0x000000076f57ce60,0x000000076f580000)
  to   space 10752K, 0% used [0x000000076f580000,0x000000076f580000,0x0000000770000000)
 ParOldGen       total 175104K, used 19915K [0x00000006c0000000, 0x00000006cab00000, 0x000000076ab00000)
  object space 175104K, 11% used [0x00000006c0000000,0x00000006c1372ee0,0x00000006cab00000)
 Metaspace       used 19273K, capacity 19453K, committed 19712K, reserved 1067008K
  class space    used 1886K, capacity 1981K, committed 2048K, reserved 1048576K
Event: 11.240 GC heap after
Heap after GC invocations=4 (full 0):
 PSYoungGen      total 76288K, used 10643K [0x000000076ab00000, 0x0000000770000000, 0x00000007c0000000)
  eden space 65536K, 0% used [0x000000076ab00000,0x000000076ab00000,0x000000076eb00000)
  from space 10752K, 98% used [0x000000076f580000,0x000000076ffe4e30,0x0000000770000000)
  to   space 10752K, 0% used [0x000000076eb00000,0x000000076eb00000,0x000000076f580000)
 ParOldGen       total 175104K, used 28884K [0x00000006c0000000, 0x00000006cab00000, 0x000000076ab00000)
  object space 175104K, 16% used [0x00000006c0000000,0x00000006c1c35110,0x00000006cab00000)
 Metaspace       used 19273K, capacity 19453K, committed 19712K, reserved 1067008K
  class space    used 1886K, capacity 1981K, committed 2048K, reserved 1048576K
}
Event: 14.264 GC heap before
{Heap before GC invocations=5 (full 0):
 PSYoungGen      total 76288K, used 75962K [0x000000076ab00000, 0x0000000770000000, 0x00000007c0000000)
  eden space 65536K, 99% used [0x000000076ab00000,0x000000076eac9c68,0x000000076eb00000)
  from space 10752K, 98% used [0x000000076f580000,0x000000076ffe4e30,0x0000000770000000)
  to   space 10752K, 0% used [0x000000076eb00000,0x000000076eb00000,0x000000076f580000)
 ParOldGen       total 175104K, used 28884K [0x00000006c0000000, 0x00000006cab00000, 0x000000076ab00000)
  object space 175104K, 16% used [0x00000006c0000000,0x00000006c1c35110,0x00000006cab00000)
 Metaspace       used 19399K, capacity 19581K, committed 19712K, reserved 1067008K
  class space    used 1888K, capacity 1981K, committed 2048K, reserved 1048576K
Event: 14.274 GC heap after
Heap after GC invocations=5 (full 0):
 PSYoungGen      total 74752K, used 10739K [0x000000076ab00000, 0x0000000771e80000, 0x00000007c0000000)
  eden space 64000K, 0% used [0x000000076ab00000,0x000000076ab00000,0x000000076e980000)
  from space 10752K, 99% used [0x000000076eb00000,0x000000076f57ce40,0x000000076f580000)
  to   space 27136K, 0% used [0x0000000770400000,0x0000000770400000,0x0000000771e80000)
 ParOldGen       total 175104K, used 41023K [0x00000006c0000000, 0x00000006cab00000, 0x000000076ab00000)
  object space 175104K, 23% used [0x00000006c0000000,0x00000006c280fca0,0x00000006cab00000)
 Metaspace       used 19399K, capacity 19581K, committed 19712K, reserved 1067008K
  class space    used 1888K, capacity 1981K, committed 2048K, reserved 1048576K
}
Event: 16.748 GC heap before
{Heap before GC invocations=6 (full 0):
 PSYoungGen      total 74752K, used 74739K [0x000000076ab00000, 0x0000000771e80000, 0x00000007c0000000)
  eden space 64000K, 100% used [0x000000076ab00000,0x000000076e980000,0x000000076e980000)
  from space 10752K, 99% used [0x000000076eb00000,0x000000076f57ce40,0x000000076f580000)
  to   space 27136K, 0% used [0x0000000770400000,0x0000000770400000,0x0000000771e80000)
 ParOldGen       total 175104K, used 41023K [0x00000006c0000000, 0x00000006cab00000, 0x000000076ab00000)
  object space 175104K, 23% used [0x00000006c0000000,0x00000006c280fca0,0x00000006cab00000)
 Metaspace       used 19509K, capacity 19709K, committed 19968K, reserved 1067008K
  class space    used 1889K, capacity 1981K, committed 2048K, reserved 1048576K
Event: 16.761 GC heap after
Heap after GC invocations=6 (full 0):
 PSYoungGen      total 89088K, used 21348K [0x000000076ab00000, 0x0000000771e00000, 0x00000007c0000000)
  eden space 62464K, 0% used [0x000000076ab00000,0x000000076ab00000,0x000000076e800000)
  from space 26624K, 80% used [0x0000000770400000,0x00000007718d90e0,0x0000000771e00000)
  to   space 27648K, 0% used [0x000000076e800000,0x000000076e800000,0x0000000770300000)
 ParOldGen       total 175104K, used 41031K [0x00000006c0000000, 0x00000006cab00000, 0x000000076ab00000)
  object space 175104K, 23% used [0x00000006c0000000,0x00000006c2811ca0,0x00000006cab00000)
 Metaspace       used 19509K, capacity 19709K, committed 19968K, reserved 1067008K
  class space    used 1889K, capacity 1981K, committed 2048K, reserved 1048576K
}

