# JRE version: Java(TM) SE Runtime Environment (8.0_91-b14) (build 1.8.0_91-b14)
# Java VM: Java HotSpot(TM) 64-Bit Server VM (25.91-b14 mixed mode bsd-amd64 compressed oops)
Heap:
 PSYoungGen      total 60416K, used 47351K [0x000000076ab00000, 0x000000076f600000, 0x00000007c0000000)
  eden space 48128K, 98% used [0x000000076ab00000,0x000000076d91df58,0x000000076da00000)
  from space 12288K, 1% used [0x000000076ea00000,0x000000076ea20000,0x000000076f600000)
  to   space 14336K, 0% used [0x000000076da00000,0x000000076da00000,0x000000076e800000)
 ParOldGen       total 175104K, used 17234K [0x00000006c0000000, 0x00000006cab00000, 0x000000076ab00000)
  object space 175104K, 9% used [0x00000006c0000000,0x00000006c10d4850,0x00000006cab00000)
 Metaspace       used 20888K, capacity 21107K, committed 21296K, reserved 1069056K
  class space    used 2069K, capacity 2146K, committed 2176K, reserved 1048576K
GC Heap History (10 events):
Event: 276.445 GC heap before
{Heap before GC invocations=16 (full 0):
 PSYoungGen      total 53760K, used 53408K [0x000000076ab00000, 0x0000000770200000, 0x00000007c0000000)
  eden space 53248K, 100% used [0x000000076ab00000,0x000000076df00000,0x000000076df00000)
  from space 512K, 31% used [0x000000076e000000,0x000000076e028000,0x000000076e080000)
  to   space 17920K, 0% used [0x000000076f080000,0x000000076f080000,0x0000000770200000)
 ParOldGen       total 175104K, used 17234K [0x00000006c0000000, 0x00000006cab00000, 0x000000076ab00000)
  object space 175104K, 9% used [0x00000006c0000000,0x00000006c10d4850,0x00000006cab00000)
 Metaspace       used 20653K, capacity 20837K, committed 21120K, reserved 1069056K
  class space    used 2025K, capacity 2077K, committed 2176K, reserved 1048576K
Event: 276.447 GC heap after
Heap after GC invocations=16 (full 0):
 PSYoungGen      total 68096K, used 192K [0x000000076ab00000, 0x0000000770000000, 0x00000007c0000000)
  eden space 52224K, 0% used [0x000000076ab00000,0x000000076ab00000,0x000000076de00000)
  from space 15872K, 1% used [0x000000076f080000,0x000000076f0b0000,0x0000000770000000)
  to   space 17408K, 0% used [0x000000076de00000,0x000000076de00000,0x000000076ef00000)
 ParOldGen       total 175104K, used 17234K [0x00000006c0000000, 0x00000006cab00000, 0x000000076ab00000)
  object space 175104K, 9% used [0x00000006c0000000,0x00000006c10d4850,0x00000006cab00000)
 Metaspace       used 20653K, capacity 20837K, committed 21120K, reserved 1069056K
  class space    used 2025K, capacity 2077K, committed 2176K, reserved 1048576K
}
Event: 292.843 GC heap before
{Heap before GC invocations=17 (full 0):
 PSYoungGen      total 68096K, used 52416K [0x000000076ab00000, 0x0000000770000000, 0x00000007c0000000)
  eden space 52224K, 100% used [0x000000076ab00000,0x000000076de00000,0x000000076de00000)
  from space 15872K, 1% used [0x000000076f080000,0x000000076f0b0000,0x0000000770000000)
  to   space 17408K, 0% used [0x000000076de00000,0x000000076de00000,0x000000076ef00000)
 ParOldGen       total 175104K, used 17234K [0x00000006c0000000, 0x00000006cab00000, 0x000000076ab00000)
  object space 175104K, 9% used [0x00000006c0000000,0x00000006c10d4850,0x00000006cab00000)
 Metaspace       used 20653K, capacity 20837K, committed 21120K, reserved 1069056K
  class space    used 2025K, capacity 2077K, committed 2176K, reserved 1048576K
Event: 292.844 GC heap after
Heap after GC invocations=17 (full 0):
 PSYoungGen      total 51712K, used 128K [0x000000076ab00000, 0x000000076fd00000, 0x00000007c0000000)
  eden space 51200K, 0% used [0x000000076ab00000,0x000000076ab00000,0x000000076dd00000)
  from space 512K, 25% used [0x000000076de00000,0x000000076de20000,0x000000076de80000)
  to   space 16384K, 0% used [0x000000076ed00000,0x000000076ed00000,0x000000076fd00000)
 ParOldGen       total 175104K, used 17234K [0x00000006c0000000, 0x00000006cab00000, 0x000000076ab00000)
  object space 175104K, 9% used [0x00000006c0000000,0x00000006c10d4850,0x00000006cab00000)
 Metaspace       used 20653K, capacity 20837K, committed 21120K, reserved 1069056K
  class space    used 2025K, capacity 2077K, committed 2176K, reserved 1048576K
}
Event: 308.913 GC heap before
{Heap before GC invocations=18 (full 0):
 PSYoungGen      total 51712K, used 51328K [0x000000076ab00000, 0x000000076fd00000, 0x00000007c0000000)
  eden space 51200K, 100% used [0x000000076ab00000,0x000000076dd00000,0x000000076dd00000)
  from space 512K, 25% used [0x000000076de00000,0x000000076de20000,0x000000076de80000)
  to   space 16384K, 0% used [0x000000076ed00000,0x000000076ed00000,0x000000076fd00000)
 ParOldGen       total 175104K, used 17234K [0x00000006c0000000, 0x00000006cab00000, 0x000000076ab00000)
  object space 175104K, 9% used [0x00000006c0000000,0x00000006c10d4850,0x00000006cab00000)
 Metaspace       used 20653K, capacity 20837K, committed 21120K, reserved 1069056K
  class space    used 2025K, capacity 2077K, committed 2176K, reserved 1048576K
Event: 308.915 GC heap after
Heap after GC invocations=18 (full 0):
 PSYoungGen      total 64512K, used 192K [0x000000076ab00000, 0x000000076fb00000, 0x00000007c0000000)
  eden space 50176K, 0% used [0x000000076ab00000,0x000000076ab00000,0x000000076dc00000)
  from space 14336K, 1% used [0x000000076ed00000,0x000000076ed30000,0x000000076fb00000)
  to   space 15872K, 0% used [0x000000076dc00000,0x000000076dc00000,0x000000076eb80000)
 ParOldGen       total 175104K, used 17234K [0x00000006c0000000, 0x00000006cab00000, 0x000000076ab00000)
  object space 175104K, 9% used [0x00000006c0000000,0x00000006c10d4850,0x00000006cab00000)
 Metaspace       used 20653K, capacity 20837K, committed 21120K, reserved 1069056K
  class space    used 2025K, capacity 2077K, committed 2176K, reserved 1048576K
}
Event: 324.647 GC heap before
{Heap before GC invocations=19 (full 0):
 PSYoungGen      total 64512K, used 50368K [0x000000076ab00000, 0x000000076fb00000, 0x00000007c0000000)
  eden space 50176K, 100% used [0x000000076ab00000,0x000000076dc00000,0x000000076dc00000)
  from space 14336K, 1% used [0x000000076ed00000,0x000000076ed30000,0x000000076fb00000)
  to   space 15872K, 0% used [0x000000076dc00000,0x000000076dc00000,0x000000076eb80000)
 ParOldGen       total 175104K, used 17234K [0x00000006c0000000, 0x00000006cab00000, 0x000000076ab00000)
  object space 175104K, 9% used [0x00000006c0000000,0x00000006c10d4850,0x00000006cab00000)
 Metaspace       used 20653K, capacity 20837K, committed 21120K, reserved 1069056K
  class space    used 2025K, capacity 2077K, committed 2176K, reserved 1048576K
Event: 324.649 GC heap after
Heap after GC invocations=19 (full 0):
 PSYoungGen      total 49664K, used 160K [0x000000076ab00000, 0x000000076f900000, 0x00000007c0000000)
  eden space 49152K, 0% used [0x000000076ab00000,0x000000076ab00000,0x000000076db00000)
  from space 512K, 31% used [0x000000076dc00000,0x000000076dc28000,0x000000076dc80000)
  to   space 15360K, 0% used [0x000000076ea00000,0x000000076ea00000,0x000000076f900000)
 ParOldGen       total 175104K, used 17234K [0x00000006c0000000, 0x00000006cab00000, 0x000000076ab00000)
  object space 175104K, 9% used [0x00000006c0000000,0x00000006c10d4850,0x00000006cab00000)
 Metaspace       used 20653K, capacity 20837K, committed 21120K, reserved 1069056K
  class space    used 2025K, capacity 2077K, committed 2176K, reserved 1048576K
}
Event: 340.083 GC heap before
{Heap before GC invocations=20 (full 0):
 PSYoungGen      total 49664K, used 49312K [0x000000076ab00000, 0x000000076f900000, 0x00000007c0000000)
  eden space 49152K, 100% used [0x000000076ab00000,0x000000076db00000,0x000000076db00000)
  from space 512K, 31% used [0x000000076dc00000,0x000000076dc28000,0x000000076dc80000)
  to   space 15360K, 0% used [0x000000076ea00000,0x000000076ea00000,0x000000076f900000)
 ParOldGen       total 175104K, used 17234K [0x00000006c0000000, 0x00000006cab00000, 0x000000076ab00000)
  object space 175104K, 9% used [0x00000006c0000000,0x00000006c10d4850,0x00000006cab00000)
 Metaspace       used 20653K, capacity 20837K, committed 21120K, reserved 1069056K
  class space    used 2025K, capacity 2077K, committed 2176K, reserved 1048576K
Event: 340.085 GC heap after
Heap after GC invocations=20 (full 0):
 PSYoungGen      total 60416K, used 128K [0x000000076ab00000, 0x000000076f600000, 0x00000007c0000000)
  eden space 48128K, 0% used [0x000000076ab00000,0x000000076ab00000,0x000000076da00000)
  from space 12288K, 1% used [0x000000076ea00000,0x000000076ea20000,0x000000076f600000)
  to   space 14336K, 0% used [0x000000076da00000,0x000000076da00000,0x000000076e800000)
 ParOldGen       total 175104K, used 17234K [0x00000006c0000000, 0x00000006cab00000, 0x000000076ab00000)
  object space 175104K, 9% used [0x00000006c0000000,0x00000006c10d4850,0x00000006cab00000)
 Metaspace       used 20653K, capacity 20837K, committed 21120K, reserved 1069056K
  class space    used 2025K, capacity 2077K, committed 2176K, reserved 1048576K
}

